{"@timestamp":"2025-12-07T00:59:23.0912601Z","level":"DEBUG","thread_name":"restartedMain","logger_name":"com.policyadmin.PolicyAdminBackEndApplication","message":"Running with Spring Boot v3.5.8, Spring v6.2.14"}
{"@timestamp":"2025-12-07T00:59:23.3198419Z","level":"DEBUG","thread_name":"restartedMain","logger_name":"com.policyadmin.logging.CorrelationIdFilter","message":"Filter 'correlationIdFilter' configured for use"}
{"@timestamp":"2025-12-07T00:59:23.3209474Z","level":"DEBUG","thread_name":"restartedMain","logger_name":"com.policyadmin.logging.AccessLoggingFilter","message":"Filter 'accessLoggingFilter' configured for use"}
{"@timestamp":"2025-12-07T00:59:23.3209474Z","level":"DEBUG","thread_name":"restartedMain","logger_name":"com.policyadmin.logging.DebugLoggingFilter","message":"Filter 'debugLoggingFilter' configured for use"}
{"@timestamp":"2025-12-07T00:59:38.2100753Z","level":"DEBUG","thread_name":"restartedMain","logger_name":"com.policyadmin.PolicyAdminBackEndApplication","message":"Running with Spring Boot v3.5.8, Spring v6.2.14"}
{"@timestamp":"2025-12-07T00:59:40.1060336Z","level":"DEBUG","thread_name":"restartedMain","logger_name":"com.policyadmin.logging.CorrelationIdFilter","message":"Filter 'correlationIdFilter' configured for use"}
{"@timestamp":"2025-12-07T00:59:40.1097561Z","level":"DEBUG","thread_name":"restartedMain","logger_name":"com.policyadmin.logging.AccessLoggingFilter","message":"Filter 'accessLoggingFilter' configured for use"}
{"@timestamp":"2025-12-07T00:59:40.1102893Z","level":"DEBUG","thread_name":"restartedMain","logger_name":"com.policyadmin.logging.DebugLoggingFilter","message":"Filter 'debugLoggingFilter' configured for use"}
{"@timestamp":"2025-12-07T01:00:12.9403728Z","level":"DEBUG","thread_name":"http-nio-8080-exec-1","logger_name":"com.policyadmin.client.api.ClientController","userId":"dev","correlationId":"dad8af4d-9366-4ecc-945d-03d0df38d38a","debugEnabled":"true","request":{"surname":"***","idType":"PAS","dob":"***","gender":"M","idNumber":"***","ignorePossibleMatch":"false","givname":"***"},"response":{"validationResult":"ClientKycValidationResult[status=DUPLICATE_ID_SAME_PERSON, reasonCode=DUPLICATE_ID, reasonMessage=Existing client with same ID and matching personal details., matchedClientIds=[1]]","created":"false"},"message":"client.create.payload"}
{"@timestamp":"2025-12-07T01:00:36.113343Z","level":"DEBUG","thread_name":"http-nio-8080-exec-2","logger_name":"com.policyadmin.client.api.ClientController","userId":"dev","correlationId":"d0d26102-4f22-4368-b17d-c22e54b3728f","debugEnabled":"true","request":{"surname":"***","idType":"PAS","dob":"***","gender":"M","idNumber":"***","ignorePossibleMatch":"false","givname":"***"},"response":{"validationResult":"ClientKycValidationResult[status=DUPLICATE_ID_SAME_PERSON, reasonCode=DUPLICATE_ID, reasonMessage=Existing client with same ID and matching personal details., matchedClientIds=[1]]","created":"false"},"message":"client.create.payload"}
{"@timestamp":"2025-12-07T01:05:10.9299313Z","level":"DEBUG","thread_name":"restartedMain","logger_name":"com.policyadmin.PolicyAdminBackEndApplication","message":"Running with Spring Boot v3.5.8, Spring v6.2.14"}
{"@timestamp":"2025-12-07T01:05:12.7529273Z","level":"DEBUG","thread_name":"restartedMain","logger_name":"com.policyadmin.logging.CorrelationIdFilter","message":"Filter 'correlationIdFilter' configured for use"}
{"@timestamp":"2025-12-07T01:05:12.7574458Z","level":"DEBUG","thread_name":"restartedMain","logger_name":"com.policyadmin.logging.AccessLoggingFilter","message":"Filter 'accessLoggingFilter' configured for use"}
{"@timestamp":"2025-12-07T01:05:12.7584458Z","level":"DEBUG","thread_name":"restartedMain","logger_name":"com.policyadmin.logging.DebugLoggingFilter","message":"Filter 'debugLoggingFilter' configured for use"}
{"@timestamp":"2025-12-07T01:26:54.2334799Z","level":"DEBUG","thread_name":"restartedMain","logger_name":"com.policyadmin.PolicyAdminBackEndApplication","message":"Running with Spring Boot v3.5.8, Spring v6.2.14"}
{"@timestamp":"2025-12-07T01:26:56.1493732Z","level":"DEBUG","thread_name":"restartedMain","logger_name":"com.policyadmin.logging.CorrelationIdFilter","message":"Filter 'correlationIdFilter' configured for use"}
{"@timestamp":"2025-12-07T01:26:56.15375Z","level":"DEBUG","thread_name":"restartedMain","logger_name":"com.policyadmin.logging.AccessLoggingFilter","message":"Filter 'accessLoggingFilter' configured for use"}
{"@timestamp":"2025-12-07T01:26:56.1548167Z","level":"DEBUG","thread_name":"restartedMain","logger_name":"com.policyadmin.logging.DebugLoggingFilter","message":"Filter 'debugLoggingFilter' configured for use"}
{"@timestamp":"2025-12-07T01:27:03.2123495Z","level":"DEBUG","thread_name":"http-nio-8080-exec-1","logger_name":"com.policyadmin.client.api.ClientController","userId":"dev","correlationId":"px-test-id-types-3x","debugEnabled":"true","request":{"remoteIp":"0:0:0:0:0:0:0:1"},"response":{"count":"2","items":"[GenderResponse[code=M, description=Male], GenderResponse[code=F, description=Female]]"},"message":"client.genders.payload"}
{"@timestamp":"2025-12-07T01:27:36.6240787Z","level":"DEBUG","thread_name":"http-nio-8080-exec-4","logger_name":"com.policyadmin.client.api.ClientController","userId":"dev","correlationId":"px-test-id-types-3x","debugEnabled":"true","request":{"remoteIp":"0:0:0:0:0:0:0:1"},"response":{"count":"2","items":"[GenderResponse[code=M, description=Male], GenderResponse[code=F, description=Female]]"},"message":"client.genders.payload"}
{"@timestamp":"2025-12-07T09:53:00.0861452+08:00","level":"DEBUG","thread_name":"restartedMain","logger_name":"com.policyadmin.PolicyAdminBackEndApplication","message":"Running with Spring Boot v3.5.8, Spring v6.2.14"}
{"@timestamp":"2025-12-07T09:53:00.3355798+08:00","level":"DEBUG","thread_name":"restartedMain","logger_name":"com.policyadmin.logging.CorrelationIdFilter","message":"Filter 'correlationIdFilter' configured for use"}
{"@timestamp":"2025-12-07T09:53:00.3355798+08:00","level":"DEBUG","thread_name":"restartedMain","logger_name":"com.policyadmin.logging.AccessLoggingFilter","message":"Filter 'accessLoggingFilter' configured for use"}
{"@timestamp":"2025-12-07T09:53:00.3355798+08:00","level":"DEBUG","thread_name":"restartedMain","logger_name":"com.policyadmin.logging.DebugLoggingFilter","message":"Filter 'debugLoggingFilter' configured for use"}
